"D:/Games/Unreal Projects/CharacterTest/Content/GameArchitecture/PlayerCharacter_PlayerState.uasset" 0
"D:/Games/Unreal Projects/CharacterTest/Content/GameArchitecture/PlayerCharacter_PlayerState.uexp" 1
"../../../Engine/Content/EditorBlueprintResources/StandardMacros.uasset" 2
"../../../Engine/Content/EditorBlueprintResources/StandardMacros.uexp" 3
"D:/Games/Unreal Projects/CharacterTest/Content/GameArchitecture/GameState_Enum.uasset" 4
"D:/Games/Unreal Projects/CharacterTest/Content/GameArchitecture/GameState_Enum.uexp" 5
"D:/Games/Unreal Projects/CharacterTest/Content/Character/MeshChar/Materials/Ch43_1001_Specular.uasset" 6
"D:/Games/Unreal Projects/CharacterTest/Content/Character/MeshChar/Materials/Ch43_1001_Specular.uexp" 7
"D:/Games/Unreal Projects/CharacterTest/Content/Character/MeshChar/Materials/Ch43_1001_Specular.ubulk" 8
"D:/Games/Unreal Projects/CharacterTest/Content/Character/MeshChar/Materials/Ch43_1001_Normal.uasset" 9
"D:/Games/Unreal Projects/CharacterTest/Content/Character/MeshChar/Materials/Ch43_1001_Normal.uexp" 10
"D:/Games/Unreal Projects/CharacterTest/Content/Character/MeshChar/Materials/Ch43_1001_Normal.ubulk" 11
"D:/Games/Unreal Projects/CharacterTest/Content/Character/MeshChar/Materials/Ch43_1001_Glossiness.uasset" 12
"D:/Games/Unreal Projects/CharacterTest/Content/Character/MeshChar/Materials/Ch43_1001_Glossiness.uexp" 13
"D:/Games/Unreal Projects/CharacterTest/Content/Character/MeshChar/Materials/Ch43_1001_Glossiness.ubulk" 14
"D:/Games/Unreal Projects/CharacterTest/Content/Character/MeshChar/Materials/Ch43_1001_Diffuse.uasset" 15
"D:/Games/Unreal Projects/CharacterTest/Content/Character/MeshChar/Materials/Ch43_1001_Diffuse.uexp" 16
"D:/Games/Unreal Projects/CharacterTest/Content/Character/MeshChar/Materials/Ch43_1001_Diffuse.ubulk" 17
"D:/Games/Unreal Projects/CharacterTest/Content/Character/MeshChar/Materials/Ch43_Body.uasset" 18
"D:/Games/Unreal Projects/CharacterTest/Content/Character/MeshChar/Materials/Ch43_Body.uexp" 19
"D:/Games/Unreal Projects/CharacterTest/Content/Character/MeshChar/PlayerCharacter_PhysicsAsset.uasset" 20
"D:/Games/Unreal Projects/CharacterTest/Content/Character/MeshChar/PlayerCharacter_PhysicsAsset.uexp" 21
"D:/Games/Unreal Projects/CharacterTest/Content/Character/MeshChar/PlayerCharacter_Skeleton.uasset" 22
"D:/Games/Unreal Projects/CharacterTest/Content/Character/MeshChar/PlayerCharacter_Skeleton.uexp" 23
"D:/Games/Unreal Projects/CharacterTest/Content/Character/MeshChar/PlayerCharacter_SKLMesh.uasset" 24
"D:/Games/Unreal Projects/CharacterTest/Content/Character/MeshChar/PlayerCharacter_SKLMesh.uexp" 25
"../../../Engine/Content/Animation/DefaultAnimCurveCompressionSettings.uasset" 26
"../../../Engine/Content/Animation/DefaultAnimCurveCompressionSettings.uexp" 27
"../../../Engine/Content/Animation/DefaultAnimBoneCompressionSettings.uasset" 28
"../../../Engine/Content/Animation/DefaultAnimBoneCompressionSettings.uexp" 29
"D:/Games/Unreal Projects/CharacterTest/Content/Character/Anim/Animations/Jump.uasset" 30
"D:/Games/Unreal Projects/CharacterTest/Content/Character/Anim/Animations/Jump.uexp" 31
"D:/Games/Unreal Projects/CharacterTest/Content/Character/Anim/Animations/Walking.uasset" 32
"D:/Games/Unreal Projects/CharacterTest/Content/Character/Anim/Animations/Walking.uexp" 33
"D:/Games/Unreal Projects/CharacterTest/Content/Character/Anim/Animations/Run.uasset" 34
"D:/Games/Unreal Projects/CharacterTest/Content/Character/Anim/Animations/Run.uexp" 35
"D:/Games/Unreal Projects/CharacterTest/Content/Character/Anim/Animations/Idle.uasset" 36
"D:/Games/Unreal Projects/CharacterTest/Content/Character/Anim/Animations/Idle.uexp" 37
"D:/Games/Unreal Projects/CharacterTest/Content/Character/Anim/Locomotion_BS.uasset" 38
"D:/Games/Unreal Projects/CharacterTest/Content/Character/Anim/Locomotion_BS.uexp" 39
"D:/Games/Unreal Projects/CharacterTest/Content/Character/Anim/PlayerCharacter_AnimBP.uasset" 40
"D:/Games/Unreal Projects/CharacterTest/Content/Character/Anim/PlayerCharacter_AnimBP.uexp" 41
"D:/Games/Unreal Projects/CharacterTest/Content/Character/Anim/Animations/Sprint_To_Backslide.uasset" 42
"D:/Games/Unreal Projects/CharacterTest/Content/Character/Anim/Animations/Sprint_To_Backslide.uexp" 43
"D:/Games/Unreal Projects/CharacterTest/Content/Character/Anim/Animations/Sprint_To_Backslide__Montage.uasset" 44
"D:/Games/Unreal Projects/CharacterTest/Content/Character/Anim/Animations/Sprint_To_Backslide__Montage.uexp" 45
"D:/Games/Unreal Projects/CharacterTest/Content/Character/PlayerCharacter_BP.uasset" 46
"D:/Games/Unreal Projects/CharacterTest/Content/Character/PlayerCharacter_BP.uexp" 47
"D:/Games/Unreal Projects/CharacterTest/Content/HUD/GameStateHUD.uasset" 48
"D:/Games/Unreal Projects/CharacterTest/Content/HUD/GameStateHUD.uexp" 49
"D:/Games/Unreal Projects/CharacterTest/Content/HUD/Icons/heart.uasset" 50
"D:/Games/Unreal Projects/CharacterTest/Content/HUD/Icons/heart.uexp" 51
"D:/Games/Unreal Projects/CharacterTest/Content/HUD/Icons/heart.ubulk" 52
"D:/Games/Unreal Projects/CharacterTest/Content/HUD/Icons/Coin.uasset" 53
"D:/Games/Unreal Projects/CharacterTest/Content/HUD/Icons/Coin.uexp" 54
"D:/Games/Unreal Projects/CharacterTest/Content/HUD/Icons/Coin.ubulk" 55
"D:/Games/Unreal Projects/CharacterTest/Content/HUD/GameplayHUD.uasset" 56
"D:/Games/Unreal Projects/CharacterTest/Content/HUD/GameplayHUD.uexp" 57
"D:/Games/Unreal Projects/CharacterTest/Content/HUD/CharHUD.uasset" 58
"D:/Games/Unreal Projects/CharacterTest/Content/HUD/CharHUD.uexp" 59
"D:/Games/Unreal Projects/CharacterTest/Content/GameArchitecture/PlayerCharacter_GameMode.uasset" 60
"D:/Games/Unreal Projects/CharacterTest/Content/GameArchitecture/PlayerCharacter_GameMode.uexp" 61
"D:/Games/Unreal Projects/CharacterTest/Content/LevelObjects/Bounds/Bounds_BP.uasset" 62
"D:/Games/Unreal Projects/CharacterTest/Content/LevelObjects/Bounds/Bounds_BP.uexp" 63
"../../../Engine/Content/EngineMaterials/T_Default_Material_Grid_N.uasset" 64
"../../../Engine/Content/EngineMaterials/T_Default_Material_Grid_N.uexp" 65
"../../../Engine/Content/EngineMaterials/T_Default_Material_Grid_N.ubulk" 66
"../../../Engine/Content/EngineMaterials/T_Default_Material_Grid_M.uasset" 67
"../../../Engine/Content/EngineMaterials/T_Default_Material_Grid_M.uexp" 68
"../../../Engine/Content/EngineMaterials/T_Default_Material_Grid_M.ubulk" 69
"../../../Engine/Content/Functions/Engine_MaterialFunctions01/Opacity/CameraDepthFade.uasset" 70
"../../../Engine/Content/Functions/Engine_MaterialFunctions01/Opacity/CameraDepthFade.uexp" 71
"../../../Engine/Content/EngineMaterials/WorldGridMaterial.uasset" 72
"../../../Engine/Content/EngineMaterials/WorldGridMaterial.uexp" 73
"D:/Games/Unreal Projects/CharacterTest/Content/LevelObjects/Blockers/Mesh/SM_Cube.uasset" 74
"D:/Games/Unreal Projects/CharacterTest/Content/LevelObjects/Blockers/Mesh/SM_Cube.uexp" 75
"D:/Games/Unreal Projects/CharacterTest/Content/LevelObjects/Blockers/Blocker_Master.uasset" 76
"D:/Games/Unreal Projects/CharacterTest/Content/LevelObjects/Blockers/Blocker_Master.uexp" 77
"D:/Games/Unreal Projects/CharacterTest/Content/LevelObjects/Blockers/Blocker_Base_1-Routh.uasset" 78
"D:/Games/Unreal Projects/CharacterTest/Content/LevelObjects/Blockers/Blocker_Base_1-Routh.uexp" 79
"D:/Games/Unreal Projects/CharacterTest/Content/LevelObjects/Blockers/Blocker_Base_2-Routh.uasset" 80
"D:/Games/Unreal Projects/CharacterTest/Content/LevelObjects/Blockers/Blocker_Base_2-Routh.uexp" 81
"D:/Games/Unreal Projects/CharacterTest/Content/LevelObjects/Blockers/Blocker_SlideUnder_2-Routh.uasset" 82
"D:/Games/Unreal Projects/CharacterTest/Content/LevelObjects/Blockers/Blocker_SlideUnder_2-Routh.uexp" 83
"D:/Games/Unreal Projects/CharacterTest/Content/LevelObjects/Blockers/Materials/T_Metal_Gold_N.uasset" 84
"D:/Games/Unreal Projects/CharacterTest/Content/LevelObjects/Blockers/Materials/T_Metal_Gold_N.uexp" 85
"D:/Games/Unreal Projects/CharacterTest/Content/LevelObjects/Blockers/Materials/T_Metal_Gold_N.ubulk" 86
"D:/Games/Unreal Projects/CharacterTest/Content/LevelObjects/Blockers/Materials/T_Metal_Gold_D.uasset" 87
"D:/Games/Unreal Projects/CharacterTest/Content/LevelObjects/Blockers/Materials/T_Metal_Gold_D.uexp" 88
"D:/Games/Unreal Projects/CharacterTest/Content/LevelObjects/Blockers/Materials/T_Metal_Gold_D.ubulk" 89
"D:/Games/Unreal Projects/CharacterTest/Content/LevelObjects/Blockers/Materials/M_Metal_Gold.uasset" 90
"D:/Games/Unreal Projects/CharacterTest/Content/LevelObjects/Blockers/Materials/M_Metal_Gold.uexp" 91
"D:/Games/Unreal Projects/CharacterTest/Content/LevelObjects/Collectables/Materials/M_Pickup_Coin.uasset" 92
"D:/Games/Unreal Projects/CharacterTest/Content/LevelObjects/Collectables/Materials/M_Pickup_Coin.uexp" 93
"D:/Games/Unreal Projects/CharacterTest/Content/LevelObjects/Collectables/Mesh/SM_Pickup_Coin.uasset" 94
"D:/Games/Unreal Projects/CharacterTest/Content/LevelObjects/Collectables/Mesh/SM_Pickup_Coin.uexp" 95
"D:/Games/Unreal Projects/CharacterTest/Content/LevelObjects/Collectables/Master_Collectable.uasset" 96
"D:/Games/Unreal Projects/CharacterTest/Content/LevelObjects/Collectables/Master_Collectable.uexp" 97
"D:/Games/Unreal Projects/CharacterTest/Content/LevelObjects/Collectables/Collectable_Coin.uasset" 98
"D:/Games/Unreal Projects/CharacterTest/Content/LevelObjects/Collectables/Collectable_Coin.uexp" 99
"../../../Engine/Content/ArtTools/RenderToTexture/Meshes/S_1_Unit_Plane.uasset" 100
"../../../Engine/Content/ArtTools/RenderToTexture/Meshes/S_1_Unit_Plane.uexp" 101
"../../../Engine/Content/EngineMaterials/DefaultMaterial.uasset" 102
"../../../Engine/Content/EngineMaterials/DefaultMaterial.uexp" 103
"../../../Engine/Content/BasicShapes/Cone.uasset" 104
"../../../Engine/Content/BasicShapes/Cone.uexp" 105
"../../../Engine/Content/BasicShapes/Plane.uasset" 106
"../../../Engine/Content/BasicShapes/Plane.uexp" 107
"../../../Engine/Content/BasicShapes/Sphere.uasset" 108
"../../../Engine/Content/BasicShapes/Sphere.uexp" 109
"../../../Engine/Content/EditorLandscapeResources/DataLayer.uasset" 110
"../../../Engine/Content/EditorLandscapeResources/DataLayer.uexp" 111
"../../../Engine/Content/EditorLandscapeResources/DefaultAlphaTexture.uasset" 112
"../../../Engine/Content/EditorLandscapeResources/DefaultAlphaTexture.uexp" 113
"../../../Engine/Content/EditorMaterials/MAT_Groups_Toggle.uasset" 114
"../../../Engine/Content/EditorMaterials/MAT_Groups_Toggle.uexp" 115
"../../../Engine/Content/EditorMaterials/MAT_Groups_Visibility.uasset" 116
"../../../Engine/Content/EditorMaterials/MAT_Groups_Visibility.uexp" 117
"../../../Engine/Content/EditorMaterials/PreviewShadowIndicator.uasset" 118
"../../../Engine/Content/EditorMaterials/PreviewShadowIndicator.uexp" 119
"../../../Engine/Content/EditorMaterials/PreviewShadowIndicator.ubulk" 120
"../../../Engine/Content/EditorMaterials/PreviewShadowIndicatorMaterial.uasset" 121
"../../../Engine/Content/EditorMaterials/PreviewShadowIndicatorMaterial.uexp" 122
"../../../Engine/Content/EditorMaterials/MatineeGroups/MAT_ColorTrack.uasset" 123
"../../../Engine/Content/EditorMaterials/MatineeGroups/MAT_ColorTrack.uexp" 124
"../../../Engine/Content/EditorMaterials/MatineeGroups/MAT_Groups_Anim.uasset" 125
"../../../Engine/Content/EditorMaterials/MatineeGroups/MAT_Groups_Anim.uexp" 126
"../../../Engine/Content/EditorMaterials/MatineeGroups/MAT_Groups_AudioMaster.uasset" 127
"../../../Engine/Content/EditorMaterials/MatineeGroups/MAT_Groups_AudioMaster.uexp" 128
"../../../Engine/Content/EditorMaterials/MatineeGroups/MAT_Groups_Director.uasset" 129
"../../../Engine/Content/EditorMaterials/MatineeGroups/MAT_Groups_Director.uexp" 130
"../../../Engine/Content/EditorMaterials/MatineeGroups/MAT_Groups_Event.uasset" 131
"../../../Engine/Content/EditorMaterials/MatineeGroups/MAT_Groups_Event.uexp" 132
"../../../Engine/Content/EditorMaterials/MatineeGroups/MAT_Groups_Fade.uasset" 133
"../../../Engine/Content/EditorMaterials/MatineeGroups/MAT_Groups_Fade.uexp" 134
"../../../Engine/Content/EditorMaterials/MatineeGroups/MAT_Groups_Float.uasset" 135
"../../../Engine/Content/EditorMaterials/MatineeGroups/MAT_Groups_Float.uexp" 136
"../../../Engine/Content/EditorMaterials/MatineeGroups/MAT_Groups_Move.uasset" 137
"../../../Engine/Content/EditorMaterials/MatineeGroups/MAT_Groups_Move.uexp" 138
"../../../Engine/Content/EditorMaterials/MatineeGroups/MAT_Groups_Slomo.uasset" 139
"../../../Engine/Content/EditorMaterials/MatineeGroups/MAT_Groups_Slomo.uexp" 140
"../../../Engine/Content/EditorMaterials/MatineeGroups/MAT_Groups_Sound.uasset" 141
"../../../Engine/Content/EditorMaterials/MatineeGroups/MAT_Groups_Sound.uexp" 142
"../../../Engine/Content/EditorMaterials/MatineeGroups/MAT_Groups_Vector.uasset" 143
"../../../Engine/Content/EditorMaterials/MatineeGroups/MAT_Groups_Vector.uexp" 144
"../../../Engine/Content/EditorMaterials/ParticleSystems/PSysThumbnail_NoImage.uasset" 145
"../../../Engine/Content/EditorMaterials/ParticleSystems/PSysThumbnail_NoImage.uexp" 146
"../../../Engine/Content/EditorMaterials/ParticleSystems/PSysThumbnail_NoImage.ubulk" 147
"../../../Engine/Content/EditorMaterials/ParticleSystems/PSysThumbnail_OOD.uasset" 148
"../../../Engine/Content/EditorMaterials/ParticleSystems/PSysThumbnail_OOD.uexp" 149
"../../../Engine/Content/EditorMaterials/ParticleSystems/PSysThumbnail_OOD.ubulk" 150
"../../../Engine/Content/EditorMaterials/Camera/CineMat.uasset" 151
"../../../Engine/Content/EditorMaterials/Camera/CineMat.uexp" 152
"../../../Engine/Content/EditorMaterials/Camera/MI_CineMat_Rig.uasset" 153
"../../../Engine/Content/EditorMaterials/Camera/MI_CineMat_Rig.uexp" 154
"../../../Engine/Content/EditorMeshes/Camera/SM_CraneRig_Arm.uasset" 155
"../../../Engine/Content/EditorMeshes/Camera/SM_CraneRig_Arm.uexp" 156
"../../../Engine/Content/EditorMeshes/Camera/SM_CraneRig_Base.uasset" 157
"../../../Engine/Content/EditorMeshes/Camera/SM_CraneRig_Base.uexp" 158
"../../../Engine/Content/EditorMeshes/Camera/SM_CraneRig_Body.uasset" 159
"../../../Engine/Content/EditorMeshes/Camera/SM_CraneRig_Body.uexp" 160
"../../../Engine/Content/EditorMeshes/Camera/SM_CraneRig_Mount.uasset" 161
"../../../Engine/Content/EditorMeshes/Camera/SM_CraneRig_Mount.uexp" 162
"../../../Engine/Content/EditorMeshes/Camera/SM_RailRig_Mount.uasset" 163
"../../../Engine/Content/EditorMeshes/Camera/SM_RailRig_Mount.uexp" 164
"../../../Engine/Content/EditorMeshes/Camera/SM_RailRig_Track.uasset" 165
"../../../Engine/Content/EditorMeshes/Camera/SM_RailRig_Track.uexp" 166
"../../../Engine/Content/EditorResources/BSPVertex.uasset" 167
"../../../Engine/Content/EditorResources/BSPVertex.uexp" 168
"../../../Engine/Content/EditorResources/EmptyActor.uasset" 169
"../../../Engine/Content/EditorResources/EmptyActor.uexp" 170
"../../../Engine/Content/EditorResources/S_Actor.uasset" 171
"../../../Engine/Content/EditorResources/S_Actor.uexp" 172
"../../../Engine/Content/EditorResources/S_Actor.ubulk" 173
"../../../Engine/Content/EditorResources/S_Note.uasset" 174
"../../../Engine/Content/EditorResources/S_Note.uexp" 175
"../../../Engine/Content/EditorResources/S_Note.ubulk" 176
"../../../Engine/Content/EditorResources/S_Solver.uasset" 177
"../../../Engine/Content/EditorResources/S_Solver.uexp" 178
"../../../Engine/Content/EditorResources/S_Solver.ubulk" 179
"../../../Engine/Content/EditorResources/S_Terrain.uasset" 180
"../../../Engine/Content/EditorResources/S_Terrain.uexp" 181
"../../../Engine/Content/EditorResources/S_Terrain.ubulk" 182
"../../../Engine/Content/EditorResources/S_Trigger.uasset" 183
"../../../Engine/Content/EditorResources/S_Trigger.uexp" 184
"../../../Engine/Content/EditorResources/S_Trigger.ubulk" 185
"../../../Engine/Content/EditorResources/LightIcons/S_LightError.uasset" 186
"../../../Engine/Content/EditorResources/LightIcons/S_LightError.uexp" 187
"../../../Engine/Content/EditorResources/SequenceRecorder/Countdown.uasset" 188
"../../../Engine/Content/EditorResources/SequenceRecorder/Countdown.uexp" 189
"../../../Engine/Content/EditorResources/SequenceRecorder/RecordingIndicator.uasset" 190
"../../../Engine/Content/EditorResources/SequenceRecorder/RecordingIndicator.uexp" 191
"../../../Engine/Content/EngineDamageTypes/DmgTypeBP_Environmental.uasset" 192
"../../../Engine/Content/EngineDamageTypes/DmgTypeBP_Environmental.uexp" 193
"../../../Engine/Content/EngineDebugMaterials/DebugEditorMaterial.uasset" 194
"../../../Engine/Content/EngineDebugMaterials/DebugEditorMaterial.uexp" 195
"../../../Engine/Content/EngineDebugMaterials/DebugMeshMaterial.uasset" 196
"../../../Engine/Content/EngineDebugMaterials/DebugMeshMaterial.uexp" 197
"../../../Engine/Content/EngineDebugMaterials/M_SimpleUnlitTranslucent.uasset" 198
"../../../Engine/Content/EngineDebugMaterials/M_SimpleUnlitTranslucent.uexp" 199
"../../../Engine/Content/EngineDebugMaterials/VolumeToRender.uasset" 200
"../../../Engine/Content/EngineDebugMaterials/VolumeToRender.uexp" 201
"../../../Engine/Content/Functions/Engine_MaterialFunctions02/Utility/CameraDirectionVector.uasset" 202
"../../../Engine/Content/Functions/Engine_MaterialFunctions02/Utility/CameraDirectionVector.uexp" 203
"../../../Engine/Content/EngineDebugMaterials/M_VolumeRenderSphereTracePP.uasset" 204
"../../../Engine/Content/EngineDebugMaterials/M_VolumeRenderSphereTracePP.uexp" 205
"../../../Engine/Content/Functions/Engine_MaterialFunctions01/Shading/ConvertFromDiffSpec.uasset" 206
"../../../Engine/Content/Functions/Engine_MaterialFunctions01/Shading/ConvertFromDiffSpec.uexp" 207
"../../../Engine/Content/EngineDebugMaterials/VertexColorMaterial.uasset" 208
"../../../Engine/Content/EngineDebugMaterials/VertexColorMaterial.uexp" 209
"../../../Engine/Content/EngineDebugMaterials/WireframeMaterial.uasset" 210
"../../../Engine/Content/EngineDebugMaterials/WireframeMaterial.uexp" 211
"../../../Engine/Content/EngineFonts/Faces/RobotoRegular.uasset" 212
"../../../Engine/Content/EngineFonts/Faces/RobotoRegular.uexp" 213
"../../../Engine/Content/EngineFonts/Faces/RobotoRegular.ufont" 214
"../../../Engine/Content/EngineFonts/Faces/RobotoLight.uasset" 215
"../../../Engine/Content/EngineFonts/Faces/RobotoLight.uexp" 216
"../../../Engine/Content/EngineFonts/Faces/RobotoLight.ufont" 217
"../../../Engine/Content/EngineFonts/Faces/RobotoItalic.uasset" 218
"../../../Engine/Content/EngineFonts/Faces/RobotoItalic.uexp" 219
"../../../Engine/Content/EngineFonts/Faces/RobotoItalic.ufont" 220
"../../../Engine/Content/EngineFonts/Faces/RobotoBoldItalic.uasset" 221
"../../../Engine/Content/EngineFonts/Faces/RobotoBoldItalic.uexp" 222
"../../../Engine/Content/EngineFonts/Faces/RobotoBoldItalic.ufont" 223
"../../../Engine/Content/EngineFonts/Faces/RobotoBold.uasset" 224
"../../../Engine/Content/EngineFonts/Faces/RobotoBold.uexp" 225
"../../../Engine/Content/EngineFonts/Faces/RobotoBold.ufont" 226
"../../../Engine/Content/EngineFonts/Faces/DroidSansFallback.uasset" 227
"../../../Engine/Content/EngineFonts/Faces/DroidSansFallback.uexp" 228
"../../../Engine/Content/EngineFonts/Faces/DroidSansFallback.ufont" 229
"../../../Engine/Content/EngineFonts/Roboto.uasset" 230
"../../../Engine/Content/EngineFonts/Roboto.uexp" 231
"../../../Engine/Content/EngineMaterials/BaseFlattenNormalMap.uasset" 232
"../../../Engine/Content/EngineMaterials/BaseFlattenNormalMap.uexp" 233
"../../../Engine/Content/EngineMaterials/BaseFlattenGrayscaleMap.uasset" 234
"../../../Engine/Content/EngineMaterials/BaseFlattenGrayscaleMap.uexp" 235
"../../../Engine/Content/EngineMaterials/BaseFlattenEmissiveMap.uasset" 236
"../../../Engine/Content/EngineMaterials/BaseFlattenEmissiveMap.uexp" 237
"../../../Engine/Content/EngineMaterials/BaseFlattenDiffuseMap.uasset" 238
"../../../Engine/Content/EngineMaterials/BaseFlattenDiffuseMap.uexp" 239
"../../../Engine/Content/EngineMaterials/BaseFlattenMaterial.uasset" 240
"../../../Engine/Content/EngineMaterials/BaseFlattenMaterial.uexp" 241
"../../../Engine/Content/EngineMaterials/BlueNoise.uasset" 242
"../../../Engine/Content/EngineMaterials/BlueNoise.uexp" 243
"../../../Engine/Content/EngineMaterials/DefaultBloomKernel.uasset" 244
"../../../Engine/Content/EngineMaterials/DefaultBloomKernel.uexp" 245
"../../../Engine/Content/EngineMaterials/DefaultBokeh.uasset" 246
"../../../Engine/Content/EngineMaterials/DefaultBokeh.uexp" 247
"../../../Engine/Content/EngineMaterials/DefaultDiffuse.uasset" 248
"../../../Engine/Content/EngineMaterials/DefaultDiffuse.uexp" 249
"../../../Engine/Content/EngineMaterials/DefaultDiffuse.ubulk" 250
"../../../Engine/Content/EngineMaterials/DefaultDeferredDecalMaterial.uasset" 251
"../../../Engine/Content/EngineMaterials/DefaultDeferredDecalMaterial.uexp" 252
"../../../Engine/Content/EngineMaterials/DefaultLightFunctionMaterial.uasset" 253
"../../../Engine/Content/EngineMaterials/DefaultLightFunctionMaterial.uexp" 254
"../../../Engine/Content/EngineMaterials/DefaultPhysicalMaterial.uasset" 255
"../../../Engine/Content/EngineMaterials/DefaultPhysicalMaterial.uexp" 256
"../../../Engine/Content/Functions/Engine_MaterialFunctions02/Utility/BreakOutFloat2Components.uasset" 257
"../../../Engine/Content/Functions/Engine_MaterialFunctions02/Utility/BreakOutFloat2Components.uexp" 258
"../../../Engine/Content/EngineMaterials/DefaultPostProcessMaterial.uasset" 259
"../../../Engine/Content/EngineMaterials/DefaultPostProcessMaterial.uexp" 260
"../../../Engine/Content/EngineFonts/RobotoDistanceField.uasset" 261
"../../../Engine/Content/EngineFonts/RobotoDistanceField.uexp" 262
"../../../Engine/Content/EngineMaterials/DefaultTextMaterialOpaque.uasset" 263
"../../../Engine/Content/EngineMaterials/DefaultTextMaterialOpaque.uexp" 264
"../../../Engine/Content/EngineMaterials/DefaultWhiteGrid.uasset" 265
"../../../Engine/Content/EngineMaterials/DefaultWhiteGrid.uexp" 266
"../../../Engine/Content/EngineMaterials/DefaultWhiteGrid.ubulk" 267
"../../../Engine/Content/EngineMaterials/DefaultWhiteGrid_Low.uasset" 268
"../../../Engine/Content/EngineMaterials/DefaultWhiteGrid_Low.uexp" 269
"../../../Engine/Content/EngineMaterials/EmissiveMeshMaterial.uasset" 270
"../../../Engine/Content/EngineMaterials/EmissiveMeshMaterial.uexp" 271
"../../../Engine/Content/EngineMaterials/GizmoMaterial.uasset" 272
"../../../Engine/Content/EngineMaterials/GizmoMaterial.uexp" 273
"../../../Engine/Content/EngineMaterials/Good64x64TilingNoiseHighFreq.uasset" 274
"../../../Engine/Content/EngineMaterials/Good64x64TilingNoiseHighFreq.uexp" 275
"../../../Engine/Content/EngineMaterials/MiniFont.uasset" 276
"../../../Engine/Content/EngineMaterials/MiniFont.uexp" 277
"../../../Engine/Content/EngineMaterials/InvalidLightmapSettings.uasset" 278
"../../../Engine/Content/EngineMaterials/InvalidLightmapSettings.uexp" 279
"../../../Engine/Content/EngineMaterials/InvalidLightmapSettings.ubulk" 280
"../../../Engine/Content/EngineMaterials/M_InvalidLightmapSettings.uasset" 281
"../../../Engine/Content/EngineMaterials/M_InvalidLightmapSettings.uexp" 282
"../../../Engine/Content/Functions/Engine_MaterialFunctions02/WorldPositionOffset/CameraOffset.uasset" 283
"../../../Engine/Content/Functions/Engine_MaterialFunctions02/WorldPositionOffset/CameraOffset.uexp" 284
"../../../Engine/Content/EngineMaterials/PhAT_JointLimitMaterial.uasset" 285
"../../../Engine/Content/EngineMaterials/PhAT_JointLimitMaterial.uexp" 286
"../../../Engine/Content/EngineMaterials/DefaultCalibrationColor.uasset" 287
"../../../Engine/Content/EngineMaterials/DefaultCalibrationColor.uexp" 288
"../../../Engine/Content/EngineMaterials/PPM_DefaultCalibrationColor.uasset" 289
"../../../Engine/Content/EngineMaterials/PPM_DefaultCalibrationColor.uexp" 290
"../../../Engine/Content/EngineMaterials/DefaultCalibrationGrayscale.uasset" 291
"../../../Engine/Content/EngineMaterials/DefaultCalibrationGrayscale.uexp" 292
"../../../Engine/Content/EngineMaterials/PPM_DefaultCalibrationGrayscale.uasset" 293
"../../../Engine/Content/EngineMaterials/PPM_DefaultCalibrationGrayscale.uexp" 294
"../../../Engine/Content/EngineMaterials/PreintegratedSkinBRDF.uasset" 295
"../../../Engine/Content/EngineMaterials/PreintegratedSkinBRDF.uexp" 296
"../../../Engine/Content/EngineMaterials/RemoveSurfaceMaterial.uasset" 297
"../../../Engine/Content/EngineMaterials/RemoveSurfaceMaterial.uexp" 298
"../../../Engine/Content/EngineMaterials/WeightMapPlaceholderTexture.uasset" 299
"../../../Engine/Content/EngineMaterials/WeightMapPlaceholderTexture.uexp" 300
"../../../Engine/Content/EngineResources/WhiteSquareTexture.uasset" 301
"../../../Engine/Content/EngineResources/WhiteSquareTexture.uexp" 302
"../../../Engine/Content/EngineMaterials/Widget3DPassThrough.uasset" 303
"../../../Engine/Content/EngineMaterials/Widget3DPassThrough.uexp" 304
"../../../Engine/Content/EngineMaterials/Widget3DPassThrough_Masked.uasset" 305
"../../../Engine/Content/EngineMaterials/Widget3DPassThrough_Masked.uexp" 306
"../../../Engine/Content/EngineMaterials/Widget3DPassThrough_Opaque.uasset" 307
"../../../Engine/Content/EngineMaterials/Widget3DPassThrough_Opaque.uexp" 308
"../../../Engine/Content/EngineMaterials/Widget3DPassThrough_Masked_OneSided.uasset" 309
"../../../Engine/Content/EngineMaterials/Widget3DPassThrough_Masked_OneSided.uexp" 310
"../../../Engine/Content/EngineMaterials/Widget3DPassThrough_Opaque_OneSided.uasset" 311
"../../../Engine/Content/EngineMaterials/Widget3DPassThrough_Opaque_OneSided.uexp" 312
"../../../Engine/Content/EngineMaterials/Widget3DPassThrough_Translucent.uasset" 313
"../../../Engine/Content/EngineMaterials/Widget3DPassThrough_Translucent.uexp" 314
"../../../Engine/Content/EngineMaterials/Widget3DPassThrough_Translucent_OneSided.uasset" 315
"../../../Engine/Content/EngineMaterials/Widget3DPassThrough_Translucent_OneSided.uexp" 316
"../../../Engine/Content/EngineMeshes/Cylinder.uasset" 317
"../../../Engine/Content/EngineMeshes/Cylinder.uexp" 318
"../../../Engine/Content/EngineMeshes/Sphere.uasset" 319
"../../../Engine/Content/EngineMeshes/Sphere.uexp" 320
"../../../Engine/Content/EngineResources/DefaultTexture.uasset" 321
"../../../Engine/Content/EngineResources/DefaultTexture.uexp" 322
"../../../Engine/Content/EngineResources/DefaultTexture.ubulk" 323
"../../../Engine/Content/EngineResources/DefaultTextureCube.uasset" 324
"../../../Engine/Content/EngineResources/DefaultTextureCube.uexp" 325
"../../../Engine/Content/EngineResources/DefaultVolumeTexture2D.uasset" 326
"../../../Engine/Content/EngineResources/DefaultVolumeTexture2D.uexp" 327
"../../../Engine/Content/EngineResources/DefaultVolumeTexture.uasset" 328
"../../../Engine/Content/EngineResources/DefaultVolumeTexture.uexp" 329
"../../../Engine/Content/EngineResources/GradientTexture0.uasset" 330
"../../../Engine/Content/EngineResources/GradientTexture0.uexp" 331
"../../../Engine/Content/EngineSky/VolumetricClouds/T_NoiseShape64.uasset" 332
"../../../Engine/Content/EngineSky/VolumetricClouds/T_NoiseShape64.uexp" 333
"../../../Engine/Content/EngineSky/VolumetricClouds/T_NoiseShape64.ubulk" 334
"../../../Engine/Content/EngineSky/VolumetricClouds/T_VolumeNoiseShape64.uasset" 335
"../../../Engine/Content/EngineSky/VolumetricClouds/T_VolumeNoiseShape64.uexp" 336
"../../../Engine/Content/EngineSky/VolumetricClouds/T_NoiseErosion.uasset" 337
"../../../Engine/Content/EngineSky/VolumetricClouds/T_NoiseErosion.uexp" 338
"../../../Engine/Content/EngineSky/VolumetricClouds/T_NoiseErosion.ubulk" 339
"../../../Engine/Content/EngineSky/VolumetricClouds/T_VolumeNoiseErosion32.uasset" 340
"../../../Engine/Content/EngineSky/VolumetricClouds/T_VolumeNoiseErosion32.uexp" 341
"../../../Engine/Content/EngineSky/VolumetricClouds/CloudWeatherTexture.uasset" 342
"../../../Engine/Content/EngineSky/VolumetricClouds/CloudWeatherTexture.uexp" 343
"../../../Engine/Content/EngineSky/VolumetricClouds/CloudGradientTexture.uasset" 344
"../../../Engine/Content/EngineSky/VolumetricClouds/CloudGradientTexture.uexp" 345
"../../../Engine/Content/Functions/Engine_MaterialFunctions02/Utility/MakeFloat2.uasset" 346
"../../../Engine/Content/Functions/Engine_MaterialFunctions02/Utility/MakeFloat2.uexp" 347
"../../../Engine/Content/EngineSky/VolumetricClouds/m_SimpleVolumetricCloud.uasset" 348
"../../../Engine/Content/EngineSky/VolumetricClouds/m_SimpleVolumetricCloud.uexp" 349
"../../../Engine/Content/EngineSky/VolumetricClouds/m_SimpleVolumetricCloud_Inst.uasset" 350
"../../../Engine/Content/EngineSky/VolumetricClouds/m_SimpleVolumetricCloud_Inst.uexp" 351
"../../../Engine/Content/EngineSounds/Master.uasset" 352
"../../../Engine/Content/EngineSounds/Master.uexp" 353
"../../../Engine/Content/Functions/Engine_MaterialFunctions01/Shading/PowerToRoughness.uasset" 354
"../../../Engine/Content/Functions/Engine_MaterialFunctions01/Shading/PowerToRoughness.uexp" 355
"../../../Engine/Content/Maps/Templates/Thumbnails/Default.uasset" 356
"../../../Engine/Content/Maps/Templates/Thumbnails/Default.uexp" 357
"../../../Engine/Content/Maps/Templates/Thumbnails/TimeOfDay.uasset" 358
"../../../Engine/Content/Maps/Templates/Thumbnails/TimeOfDay.uexp" 359
"../../../Engine/Content/Maps/Templates/Thumbnails/VR-Basic.uasset" 360
"../../../Engine/Content/Maps/Templates/Thumbnails/VR-Basic.uexp" 361
"../../../Engine/Content/MobileResources/T_MobileControls_texture.uasset" 362
"../../../Engine/Content/MobileResources/T_MobileControls_texture.uexp" 363
"../../../Engine/Content/MobileResources/T_MobileMenu2.uasset" 364
"../../../Engine/Content/MobileResources/T_MobileMenu2.uexp" 365
"../../../Engine/Content/MobileResources/HUD/AnalogHat.uasset" 366
"../../../Engine/Content/MobileResources/HUD/AnalogHat.uexp" 367
"../../../Engine/Content/MobileResources/HUD/VirtualJoystick_Thumb.uasset" 368
"../../../Engine/Content/MobileResources/HUD/VirtualJoystick_Thumb.uexp" 369
"../../../Engine/Content/MobileResources/HUD/VirtualJoystick_Background.uasset" 370
"../../../Engine/Content/MobileResources/HUD/VirtualJoystick_Background.uexp" 371
"../../../Engine/Content/MobileResources/HUD/DefaultVirtualJoysticks.uasset" 372
"../../../Engine/Content/MobileResources/HUD/DefaultVirtualJoysticks.uexp" 373
"../../../Engine/Content/MobileResources/HUD/LeftVirtualJoystickOnly.uasset" 374
"../../../Engine/Content/MobileResources/HUD/LeftVirtualJoystickOnly.uexp" 375
"../../../Engine/Content/MobileResources/HUD/MobileHUDButton1_off.uasset" 376
"../../../Engine/Content/MobileResources/HUD/MobileHUDButton1_off.uexp" 377
"../../../Engine/Content/MobileResources/HUD/MobileHUDButton1_on.uasset" 378
"../../../Engine/Content/MobileResources/HUD/MobileHUDButton1_on.uexp" 379
"../../../Engine/Content/MobileResources/HUD/MobileHUDButton2_off.uasset" 380
"../../../Engine/Content/MobileResources/HUD/MobileHUDButton2_off.uexp" 381
"../../../Engine/Content/MobileResources/HUD/MobileHUDButton2_on.uasset" 382
"../../../Engine/Content/MobileResources/HUD/MobileHUDButton2_on.uexp" 383
"../../../Engine/Content/MobileResources/HUD/MobileHUDButton3.uasset" 384
"../../../Engine/Content/MobileResources/HUD/MobileHUDButton3.uexp" 385
"../../../Engine/Content/MobileResources/HUD/MobileHUDButtonFire.uasset" 386
"../../../Engine/Content/MobileResources/HUD/MobileHUDButtonFire.uexp" 387
"../../../Engine/Content/MobileResources/HUD/MobileHUDDirectionPad.uasset" 388
"../../../Engine/Content/MobileResources/HUD/MobileHUDDirectionPad.uexp" 389
"../../../Engine/Content/MobileResources/HUD/MobileHUDDirectionPad2.uasset" 390
"../../../Engine/Content/MobileResources/HUD/MobileHUDDirectionPad2.uexp" 391
"../../../Engine/Content/MobileResources/HUD/MobileHUDDirectionPad3.uasset" 392
"../../../Engine/Content/MobileResources/HUD/MobileHUDDirectionPad3.uexp" 393
"../../../Engine/Content/MobileResources/HUD/MobileHUDDirectionStick.uasset" 394
"../../../Engine/Content/MobileResources/HUD/MobileHUDDirectionStick.uexp" 395
"../../../Engine/Content/MobileResources/HUD/T_Castle_ThumbstickInner.uasset" 396
"../../../Engine/Content/MobileResources/HUD/T_Castle_ThumbstickInner.uexp" 397
"../../../Engine/Content/MobileResources/HUD/T_Castle_ThumbstickOutter.uasset" 398
"../../../Engine/Content/MobileResources/HUD/T_Castle_ThumbstickOutter.uexp" 399
"../../../Engine/Content/Tutorial/ContentIntroCurve.uasset" 400
"../../../Engine/Content/Tutorial/ContentIntroCurve.uexp" 401
"../../../Engine/Content/Tutorial/BlueprintTutorials/TutorialAssets/Blueprint_64x.uasset" 402
"../../../Engine/Content/Tutorial/BlueprintTutorials/TutorialAssets/Blueprint_64x.uexp" 403
"../../../Engine/Content/VREditor/TransformGizmo/TranslucentTransformGizmoMaterial.uasset" 404
"../../../Engine/Content/VREditor/TransformGizmo/TranslucentTransformGizmoMaterial.uexp" 405
"../../../Engine/Content/VREditor/LaserPointer/VR_LaserPower_01.uasset" 406
"../../../Engine/Content/VREditor/LaserPointer/VR_LaserPower_01.uexp" 407
"../../../Engine/Content/VREditor/LaserPointer/VR_LaserPower_01.ubulk" 408
"../../../Engine/Content/VREditor/TransformGizmo/TransformGizmoMaterial.uasset" 409
"../../../Engine/Content/VREditor/TransformGizmo/TransformGizmoMaterial.uexp" 410
"../../../Engine/Content/VREditor/TransformGizmo/BoundingBoxCorner.uasset" 411
"../../../Engine/Content/VREditor/TransformGizmo/BoundingBoxCorner.uexp" 412
"../../../Engine/Content/VREditor/TransformGizmo/BoundingBoxEdge.uasset" 413
"../../../Engine/Content/VREditor/TransformGizmo/BoundingBoxEdge.uexp" 414
"../../../Engine/Content/VREditor/TransformGizmo/PlaneTranslationHandle.uasset" 415
"../../../Engine/Content/VREditor/TransformGizmo/PlaneTranslationHandle.uexp" 416
"../../../Engine/Content/VREditor/TransformGizmo/Xray.uasset" 417
"../../../Engine/Content/VREditor/TransformGizmo/Xray.uexp" 418
"../../../Engine/Content/VREditor/TransformGizmo/Main.uasset" 419
"../../../Engine/Content/VREditor/TransformGizmo/Main.uexp" 420
"../../../Engine/Content/VREditor/TransformGizmo/SM_Sequencer_Key.uasset" 421
"../../../Engine/Content/VREditor/TransformGizmo/SM_Sequencer_Key.uexp" 422
"../../../Engine/Content/VREditor/TransformGizmo/SM_Sequencer_Node.uasset" 423
"../../../Engine/Content/VREditor/TransformGizmo/SM_Sequencer_Node.uexp" 424
"../../../Engine/Plugins/2D/Paper2D/Content/PlaceholderTextures/DummySpriteTexture.uasset" 425
"../../../Engine/Plugins/2D/Paper2D/Content/PlaceholderTextures/DummySpriteTexture.uexp" 426
"../../../Engine/Plugins/2D/Paper2D/Content/PlaceholderTextures/DummySpriteTexture.ubulk" 427
"../../../Engine/Plugins/2D/Paper2D/Content/DummySprite.uasset" 428
"../../../Engine/Plugins/2D/Paper2D/Content/DummySprite.uexp" 429
"../../../Engine/Plugins/2D/Paper2D/Content/DefaultPaperTerrainMaterial.uasset" 430
"../../../Engine/Plugins/2D/Paper2D/Content/DefaultPaperTerrainMaterial.uexp" 431
"../../../Engine/Plugins/2D/Paper2D/Content/DefaultSpriteMaterial.uasset" 432
"../../../Engine/Plugins/2D/Paper2D/Content/DefaultSpriteMaterial.uexp" 433
"../../../Engine/Plugins/2D/Paper2D/Content/MaskedUnlitSpriteMaterial.uasset" 434
"../../../Engine/Plugins/2D/Paper2D/Content/MaskedUnlitSpriteMaterial.uexp" 435
"../../../Engine/Plugins/2D/Paper2D/Content/OpaqueUnlitSpriteMaterial.uasset" 436
"../../../Engine/Plugins/2D/Paper2D/Content/OpaqueUnlitSpriteMaterial.uexp" 437
"../../../Engine/Content/Functions/Engine_MaterialFunctions02/Utility/BreakOutFloat3Components.uasset" 438
"../../../Engine/Content/Functions/Engine_MaterialFunctions02/Utility/BreakOutFloat3Components.uexp" 439
"../../../Engine/Plugins/Editor/SpeedTreeImporter/Content/SpeedTree9/UnpackInteger3.uasset" 440
"../../../Engine/Plugins/Editor/SpeedTreeImporter/Content/SpeedTree9/UnpackInteger3.uexp" 441
"../../../Engine/Plugins/Editor/SpeedTreeImporter/Content/SpeedTree9/UnpackDirection.uasset" 442
"../../../Engine/Plugins/Editor/SpeedTreeImporter/Content/SpeedTree9/UnpackDirection.uexp" 443
"../../../Engine/Plugins/Editor/SpeedTreeImporter/Content/SpeedTree9/game_wind_noise.uasset" 444
"../../../Engine/Plugins/Editor/SpeedTreeImporter/Content/SpeedTree9/game_wind_noise.uexp" 445
"../../../Engine/Plugins/Editor/SpeedTreeImporter/Content/SpeedTree9/game_wind_noise.ubulk" 446
"../../../Engine/Content/Functions/Engine_MaterialFunctions02/SafeNormalize.uasset" 447
"../../../Engine/Content/Functions/Engine_MaterialFunctions02/SafeNormalize.uexp" 448
"../../../Engine/Plugins/Editor/SpeedTreeImporter/Content/SpeedTree9/SpeedTreeWindMotion.uasset" 449
"../../../Engine/Plugins/Editor/SpeedTreeImporter/Content/SpeedTree9/SpeedTreeWindMotion.uexp" 450
"../../../Engine/Plugins/Editor/SpeedTreeImporter/Content/SpeedTree9/SpeedTreeBranchMotion.uasset" 451
"../../../Engine/Plugins/Editor/SpeedTreeImporter/Content/SpeedTree9/SpeedTreeBranchMotion.uexp" 452
"../../../Engine/Content/Functions/Engine_MaterialFunctions02/ObjectLocalBounds.uasset" 453
"../../../Engine/Content/Functions/Engine_MaterialFunctions02/ObjectLocalBounds.uexp" 454
"../../../Engine/Content/Functions/Engine_MaterialFunctions02/UVs/BoundingBoxBased_0-1_UVW.uasset" 455
"../../../Engine/Content/Functions/Engine_MaterialFunctions02/UVs/BoundingBoxBased_0-1_UVW.uexp" 456
"../../../Engine/Content/Functions/Engine_MaterialFunctions02/Utility/VectorLength.uasset" 457
"../../../Engine/Content/Functions/Engine_MaterialFunctions02/Utility/VectorLength.uexp" 458
"../../../Engine/Content/Functions/Engine_MaterialFunctions02/WorldPositionOffset/ObjectScale.uasset" 459
"../../../Engine/Content/Functions/Engine_MaterialFunctions02/WorldPositionOffset/ObjectScale.uexp" 460
"../../../Engine/Plugins/Editor/SpeedTreeImporter/Content/SpeedTree9/SpeedTreeWind.uasset" 461
"../../../Engine/Plugins/Editor/SpeedTreeImporter/Content/SpeedTree9/SpeedTreeWind.uexp" 462
"../../../Engine/Plugins/Editor/SpeedTreeImporter/Content/SpeedTree9/SpeedTreeBillboard.uasset" 463
"../../../Engine/Plugins/Editor/SpeedTreeImporter/Content/SpeedTree9/SpeedTreeBillboard.uexp" 464
"../../../Engine/Plugins/Editor/SpeedTreeImporter/Content/SpeedTree9/EmptyNormal.uasset" 465
"../../../Engine/Plugins/Editor/SpeedTreeImporter/Content/SpeedTree9/EmptyNormal.uexp" 466
"../../../Engine/Plugins/Editor/SpeedTreeImporter/Content/SpeedTree9/Empty.uasset" 467
"../../../Engine/Plugins/Editor/SpeedTreeImporter/Content/SpeedTree9/Empty.uexp" 468
"../../../Engine/Plugins/Editor/SpeedTreeImporter/Content/SpeedTree9/SpeedTreeBillboardMaster.uasset" 469
"../../../Engine/Plugins/Editor/SpeedTreeImporter/Content/SpeedTree9/SpeedTreeBillboardMaster.uexp" 470
"../../../Engine/Plugins/Editor/SpeedTreeImporter/Content/SpeedTree9/SpeedTreeCameraFacing.uasset" 471
"../../../Engine/Plugins/Editor/SpeedTreeImporter/Content/SpeedTree9/SpeedTreeCameraFacing.uexp" 472
"../../../Engine/Plugins/Editor/SpeedTreeImporter/Content/SpeedTree9/SpeedTreeMaster.uasset" 473
"../../../Engine/Plugins/Editor/SpeedTreeImporter/Content/SpeedTree9/SpeedTreeMaster.uexp" 474
"../../../Engine/Content/BasicShapes/Cylinder.uasset" 475
"../../../Engine/Content/BasicShapes/Cylinder.uexp" 476
"../../../Engine/Content/ArtTools/RenderToTexture/Materials/Debug/M_Emissive_Color.uasset" 477
"../../../Engine/Content/ArtTools/RenderToTexture/Materials/Debug/M_Emissive_Color.uexp" 478
"../../../Engine/Plugins/Lumin/MagicLeapPassableWorld/Content/MagicLeapARPinInfoActor.uasset" 479
"../../../Engine/Plugins/Lumin/MagicLeapPassableWorld/Content/MagicLeapARPinInfoActor.uexp" 480
"../../../Engine/Plugins/Runtime/OpenXR/Content/Devices/GoogleDaydream/MRTexture.uasset" 481
"../../../Engine/Plugins/Runtime/OpenXR/Content/Devices/GoogleDaydream/MRTexture.uexp" 482
"../../../Engine/Plugins/Runtime/OpenXR/Content/Devices/GoogleDaydream/MRTexture.ubulk" 483
"../../../Engine/Plugins/Runtime/OpenXR/Content/Devices/GoogleDaydream/BaseTexture.uasset" 484
"../../../Engine/Plugins/Runtime/OpenXR/Content/Devices/GoogleDaydream/BaseTexture.uexp" 485
"../../../Engine/Plugins/Runtime/OpenXR/Content/Devices/GoogleDaydream/BaseTexture.ubulk" 486
"../../../Engine/Content/EngineResources/Black.uasset" 487
"../../../Engine/Content/EngineResources/Black.uexp" 488
"../../../Engine/Plugins/Runtime/OpenXR/Content/Devices/M_XRController.uasset" 489
"../../../Engine/Plugins/Runtime/OpenXR/Content/Devices/M_XRController.uexp" 490
"../../../Engine/Plugins/Runtime/OpenXR/Content/Devices/GoogleDaydream/MI_GoogleDaydream.uasset" 491
"../../../Engine/Plugins/Runtime/OpenXR/Content/Devices/GoogleDaydream/MI_GoogleDaydream.uexp" 492
"../../../Engine/Plugins/Runtime/OpenXR/Content/Devices/GoogleDaydream/GoogleDaydreamController.uasset" 493
"../../../Engine/Plugins/Runtime/OpenXR/Content/Devices/GoogleDaydream/GoogleDaydreamController.uexp" 494
"../../../Engine/Plugins/Runtime/OpenXR/Content/Devices/HTCVive/BaseTexture.uasset" 495
"../../../Engine/Plugins/Runtime/OpenXR/Content/Devices/HTCVive/BaseTexture.uexp" 496
"../../../Engine/Plugins/Runtime/OpenXR/Content/Devices/HTCVive/BaseTexture.ubulk" 497
"../../../Engine/Plugins/Runtime/OpenXR/Content/Devices/HTCVive/MI_HTCVive.uasset" 498
"../../../Engine/Plugins/Runtime/OpenXR/Content/Devices/HTCVive/MI_HTCVive.uexp" 499
"../../../Engine/Plugins/Runtime/OpenXR/Content/Devices/HTCVive/HTCViveController.uasset" 500
"../../../Engine/Plugins/Runtime/OpenXR/Content/Devices/HTCVive/HTCViveController.uexp" 501
"../../../Engine/Plugins/Runtime/OpenXR/Content/Devices/MicrosoftMixedReality/NormalTexture.uasset" 502
"../../../Engine/Plugins/Runtime/OpenXR/Content/Devices/MicrosoftMixedReality/NormalTexture.uexp" 503
"../../../Engine/Plugins/Runtime/OpenXR/Content/Devices/MicrosoftMixedReality/NormalTexture.ubulk" 504
"../../../Engine/Plugins/Runtime/OpenXR/Content/Devices/MicrosoftMixedReality/MRTexture.uasset" 505
"../../../Engine/Plugins/Runtime/OpenXR/Content/Devices/MicrosoftMixedReality/MRTexture.uexp" 506
"../../../Engine/Plugins/Runtime/OpenXR/Content/Devices/MicrosoftMixedReality/MRTexture.ubulk" 507
"../../../Engine/Plugins/Runtime/OpenXR/Content/Devices/MicrosoftMixedReality/EmissiveTexture.uasset" 508
"../../../Engine/Plugins/Runtime/OpenXR/Content/Devices/MicrosoftMixedReality/EmissiveTexture.uexp" 509
"../../../Engine/Plugins/Runtime/OpenXR/Content/Devices/MicrosoftMixedReality/EmissiveTexture.ubulk" 510
"../../../Engine/Plugins/Runtime/OpenXR/Content/Devices/MicrosoftMixedReality/BaseTexture.uasset" 511
"../../../Engine/Plugins/Runtime/OpenXR/Content/Devices/MicrosoftMixedReality/BaseTexture.uexp" 512
"../../../Engine/Plugins/Runtime/OpenXR/Content/Devices/MicrosoftMixedReality/BaseTexture.ubulk" 513
"../../../Engine/Plugins/Runtime/OpenXR/Content/Devices/MicrosoftMixedReality/MI_MicrosoftMixedReality.uasset" 514
"../../../Engine/Plugins/Runtime/OpenXR/Content/Devices/MicrosoftMixedReality/MI_MicrosoftMixedReality.uexp" 515
"../../../Engine/Plugins/Runtime/OpenXR/Content/Devices/MicrosoftMixedReality/Left/left_MicrosoftMixedRealityController.uasset" 516
"../../../Engine/Plugins/Runtime/OpenXR/Content/Devices/MicrosoftMixedReality/Left/left_MicrosoftMixedRealityController.uexp" 517
"../../../Engine/Plugins/Runtime/OpenXR/Content/Devices/MicrosoftMixedReality/Right/right_MicrosoftMixedRealityController.uasset" 518
"../../../Engine/Plugins/Runtime/OpenXR/Content/Devices/MicrosoftMixedReality/Right/right_MicrosoftMixedRealityController.uexp" 519
"../../../Engine/Plugins/Runtime/OpenXR/Content/Devices/OculusGo/BaseTexture.uasset" 520
"../../../Engine/Plugins/Runtime/OpenXR/Content/Devices/OculusGo/BaseTexture.uexp" 521
"../../../Engine/Plugins/Runtime/OpenXR/Content/Devices/OculusGo/BaseTexture.ubulk" 522
"../../../Engine/Plugins/Runtime/OpenXR/Content/Devices/OculusGo/MI_OculusGo.uasset" 523
"../../../Engine/Plugins/Runtime/OpenXR/Content/Devices/OculusGo/MI_OculusGo.uexp" 524
"../../../Engine/Plugins/Runtime/OpenXR/Content/Devices/OculusGo/OculusGoController.uasset" 525
"../../../Engine/Plugins/Runtime/OpenXR/Content/Devices/OculusGo/OculusGoController.uexp" 526
"../../../Engine/Plugins/Runtime/OpenXR/Content/Devices/OculusTouch/MRTexture.uasset" 527
"../../../Engine/Plugins/Runtime/OpenXR/Content/Devices/OculusTouch/MRTexture.uexp" 528
"../../../Engine/Plugins/Runtime/OpenXR/Content/Devices/OculusTouch/MRTexture.ubulk" 529
"../../../Engine/Plugins/Runtime/OpenXR/Content/Devices/OculusTouch/BaseTexture.uasset" 530
"../../../Engine/Plugins/Runtime/OpenXR/Content/Devices/OculusTouch/BaseTexture.uexp" 531
"../../../Engine/Plugins/Runtime/OpenXR/Content/Devices/OculusTouch/BaseTexture.ubulk" 532
"../../../Engine/Plugins/Runtime/OpenXR/Content/Devices/OculusTouch/MI_OculusTouch.uasset" 533
"../../../Engine/Plugins/Runtime/OpenXR/Content/Devices/OculusTouch/MI_OculusTouch.uexp" 534
"../../../Engine/Plugins/Runtime/OpenXR/Content/Devices/OculusTouch/Left/left_OculusTouchController.uasset" 535
"../../../Engine/Plugins/Runtime/OpenXR/Content/Devices/OculusTouch/Left/left_OculusTouchController.uexp" 536
"../../../Engine/Plugins/Runtime/OpenXR/Content/Devices/OculusTouch/Right/right_OculusTouchController.uasset" 537
"../../../Engine/Plugins/Runtime/OpenXR/Content/Devices/OculusTouch/Right/right_OculusTouchController.uexp" 538
"../../../Engine/Plugins/Runtime/OpenXR/Content/Devices/OculusTouch_v2/MRTexture.uasset" 539
"../../../Engine/Plugins/Runtime/OpenXR/Content/Devices/OculusTouch_v2/MRTexture.uexp" 540
"../../../Engine/Plugins/Runtime/OpenXR/Content/Devices/OculusTouch_v2/MRTexture.ubulk" 541
"../../../Engine/Plugins/Runtime/OpenXR/Content/Devices/OculusTouch_v2/BaseTexture.uasset" 542
"../../../Engine/Plugins/Runtime/OpenXR/Content/Devices/OculusTouch_v2/BaseTexture.uexp" 543
"../../../Engine/Plugins/Runtime/OpenXR/Content/Devices/OculusTouch_v2/BaseTexture.ubulk" 544
"../../../Engine/Plugins/Runtime/OpenXR/Content/Devices/OculusTouch_v2/MI_OculusTouch_v2.uasset" 545
"../../../Engine/Plugins/Runtime/OpenXR/Content/Devices/OculusTouch_v2/MI_OculusTouch_v2.uexp" 546
"../../../Engine/Plugins/Runtime/OpenXR/Content/Devices/OculusTouch_v2/Left/left_OculusTouch_v2Controller.uasset" 547
"../../../Engine/Plugins/Runtime/OpenXR/Content/Devices/OculusTouch_v2/Left/left_OculusTouch_v2Controller.uexp" 548
"../../../Engine/Plugins/Runtime/OpenXR/Content/Devices/OculusTouch_v2/Right/right_OculusTouch_v2Controller.uasset" 549
"../../../Engine/Plugins/Runtime/OpenXR/Content/Devices/OculusTouch_v2/Right/right_OculusTouch_v2Controller.uexp" 550
"../../../Engine/Plugins/Runtime/OpenXR/Content/Devices/OculusTouch_v3/MRTexture.uasset" 551
"../../../Engine/Plugins/Runtime/OpenXR/Content/Devices/OculusTouch_v3/MRTexture.uexp" 552
"../../../Engine/Plugins/Runtime/OpenXR/Content/Devices/OculusTouch_v3/MRTexture.ubulk" 553
"../../../Engine/Plugins/Runtime/OpenXR/Content/Devices/OculusTouch_v3/BaseTexture.uasset" 554
"../../../Engine/Plugins/Runtime/OpenXR/Content/Devices/OculusTouch_v3/BaseTexture.uexp" 555
"../../../Engine/Plugins/Runtime/OpenXR/Content/Devices/OculusTouch_v3/BaseTexture.ubulk" 556
"../../../Engine/Plugins/Runtime/OpenXR/Content/Devices/OculusTouch_v3/MI_OculusTouch_v3.uasset" 557
"../../../Engine/Plugins/Runtime/OpenXR/Content/Devices/OculusTouch_v3/MI_OculusTouch_v3.uexp" 558
"../../../Engine/Plugins/Runtime/OpenXR/Content/Devices/OculusTouch_v3/Left/left_OculusTouch_v3Controller.uasset" 559
"../../../Engine/Plugins/Runtime/OpenXR/Content/Devices/OculusTouch_v3/Left/left_OculusTouch_v3Controller.uexp" 560
"../../../Engine/Plugins/Runtime/OpenXR/Content/Devices/OculusTouch_v3/Right/right_OculusTouch_v3Controller.uasset" 561
"../../../Engine/Plugins/Runtime/OpenXR/Content/Devices/OculusTouch_v3/Right/right_OculusTouch_v3Controller.uexp" 562
"../../../Engine/Plugins/Runtime/OpenXR/Content/Devices/ValveIndex/MRTexture.uasset" 563
"../../../Engine/Plugins/Runtime/OpenXR/Content/Devices/ValveIndex/MRTexture.uexp" 564
"../../../Engine/Plugins/Runtime/OpenXR/Content/Devices/ValveIndex/MRTexture.ubulk" 565
"../../../Engine/Plugins/Runtime/OpenXR/Content/Devices/ValveIndex/BaseTexture.uasset" 566
"../../../Engine/Plugins/Runtime/OpenXR/Content/Devices/ValveIndex/BaseTexture.uexp" 567
"../../../Engine/Plugins/Runtime/OpenXR/Content/Devices/ValveIndex/BaseTexture.ubulk" 568
"../../../Engine/Plugins/Runtime/OpenXR/Content/Devices/ValveIndex/Left/MI_left_ValveIndex.uasset" 569
"../../../Engine/Plugins/Runtime/OpenXR/Content/Devices/ValveIndex/Left/MI_left_ValveIndex.uexp" 570
"../../../Engine/Plugins/Runtime/OpenXR/Content/Devices/ValveIndex/Left/left_ValveIndexController.uasset" 571
"../../../Engine/Plugins/Runtime/OpenXR/Content/Devices/ValveIndex/Left/left_ValveIndexController.uexp" 572
"../../../Engine/Plugins/Runtime/OpenXR/Content/Devices/ValveIndex/Right/MI_right_ValveIndex.uasset" 573
"../../../Engine/Plugins/Runtime/OpenXR/Content/Devices/ValveIndex/Right/MI_right_ValveIndex.uexp" 574
"../../../Engine/Plugins/Runtime/OpenXR/Content/Devices/ValveIndex/Right/right_ValveIndexController.uasset" 575
"../../../Engine/Plugins/Runtime/OpenXR/Content/Devices/ValveIndex/Right/right_ValveIndexController.uexp" 576
"../../../Engine/Content/Functions/Engine_MaterialFunctions02/Utility/BreakOutFloat4Components.uasset" 577
"../../../Engine/Content/Functions/Engine_MaterialFunctions02/Utility/BreakOutFloat4Components.uexp" 578
"../../../Engine/Content/Functions/Engine_MaterialFunctions02/Utility/MakeFloat3.uasset" 579
"../../../Engine/Content/Functions/Engine_MaterialFunctions02/Utility/MakeFloat3.uexp" 580
"../../../Engine/Plugins/Runtime/Oculus/OculusVR/Content/Materials/OculusMR_ChromaKey.uasset" 581
"../../../Engine/Plugins/Runtime/Oculus/OculusVR/Content/Materials/OculusMR_ChromaKey.uexp" 582
"../../../Engine/Plugins/Runtime/Oculus/OculusVR/Content/Materials/OculusMR_OpaqueColoredMaterial.uasset" 583
"../../../Engine/Plugins/Runtime/Oculus/OculusVR/Content/Materials/OculusMR_OpaqueColoredMaterial.uexp" 584
"../../../Engine/Plugins/Runtime/Oculus/OculusVR/Content/Materials/PokeAHoleMaterial.uasset" 585
"../../../Engine/Plugins/Runtime/Oculus/OculusVR/Content/Materials/PokeAHoleMaterial.uexp" 586
"../../../Engine/Plugins/Runtime/Oculus/OculusVR/Content/Textures/touchController_controlmap.uasset" 587
"../../../Engine/Plugins/Runtime/Oculus/OculusVR/Content/Textures/touchController_controlmap.uexp" 588
"../../../Engine/Plugins/Runtime/Oculus/OculusVR/Content/Textures/touchController_controlmap.ubulk" 589
"../../../Engine/Plugins/Runtime/Oculus/OculusVR/Content/Textures/touchController_albedo.uasset" 590
"../../../Engine/Plugins/Runtime/Oculus/OculusVR/Content/Textures/touchController_albedo.uexp" 591
"../../../Engine/Plugins/Runtime/Oculus/OculusVR/Content/Textures/touchController_albedo.ubulk" 592
"../../../Engine/Plugins/Runtime/Oculus/OculusVR/Content/Materials/touchController_mat.uasset" 593
"../../../Engine/Plugins/Runtime/Oculus/OculusVR/Content/Materials/touchController_mat.uexp" 594
"../../../Engine/Plugins/Runtime/Oculus/OculusVR/Content/Meshes/LeftTouchController.uasset" 595
"../../../Engine/Plugins/Runtime/Oculus/OculusVR/Content/Meshes/LeftTouchController.uexp" 596
"../../../Engine/Plugins/Runtime/Oculus/OculusVR/Content/Textures/TouchForQuestRiftSController_albedo.uasset" 597
"../../../Engine/Plugins/Runtime/Oculus/OculusVR/Content/Textures/TouchForQuestRiftSController_albedo.uexp" 598
"../../../Engine/Plugins/Runtime/Oculus/OculusVR/Content/Textures/TouchForQuestRiftSController_albedo.ubulk" 599
"../../../Engine/Plugins/Runtime/Oculus/OculusVR/Content/Materials/TouchForQuestRiftSControllerMaterial.uasset" 600
"../../../Engine/Plugins/Runtime/Oculus/OculusVR/Content/Materials/TouchForQuestRiftSControllerMaterial.uexp" 601
"../../../Engine/Plugins/Runtime/Oculus/OculusVR/Content/Meshes/LeftTouchForQuestRiftSController.uasset" 602
"../../../Engine/Plugins/Runtime/Oculus/OculusVR/Content/Meshes/LeftTouchForQuestRiftSController.uexp" 603
"../../../Engine/Plugins/Runtime/Oculus/OculusVR/Content/Meshes/RiftHMD.uasset" 604
"../../../Engine/Plugins/Runtime/Oculus/OculusVR/Content/Meshes/RiftHMD.uexp" 605
"../../../Engine/Plugins/Runtime/Oculus/OculusVR/Content/Meshes/RightTouchController.uasset" 606
"../../../Engine/Plugins/Runtime/Oculus/OculusVR/Content/Meshes/RightTouchController.uexp" 607
"../../../Engine/Plugins/Runtime/Oculus/OculusVR/Content/Meshes/RightTouchForQuestRiftSController.uasset" 608
"../../../Engine/Plugins/Runtime/Oculus/OculusVR/Content/Meshes/RightTouchForQuestRiftSController.uexp" 609
"../../../Engine/Content/EngineSky/T_Sky_Stars.uasset" 610
"../../../Engine/Content/EngineSky/T_Sky_Stars.uexp" 611
"../../../Engine/Content/EngineSky/T_Sky_Stars.ubulk" 612
"../../../Engine/Content/EngineSky/T_Sky_Clouds_M.uasset" 613
"../../../Engine/Content/EngineSky/T_Sky_Clouds_M.uexp" 614
"../../../Engine/Content/EngineSky/T_Sky_Clouds_M.ubulk" 615
"../../../Engine/Content/EngineSky/T_Sky_Blue.uasset" 616
"../../../Engine/Content/EngineSky/T_Sky_Blue.uexp" 617
"../../../Engine/Content/EngineSky/T_Sky_Blue.ubulk" 618
"../../../Engine/Content/EngineSky/M_Sky_Panning_Clouds2.uasset" 619
"../../../Engine/Content/EngineSky/M_Sky_Panning_Clouds2.uexp" 620
"../../../Engine/Content/EngineSky/SM_SkySphere.uasset" 621
"../../../Engine/Content/EngineSky/SM_SkySphere.uexp" 622
"../../../Engine/Content/EngineSky/C_Sky_Zenith_Color.uasset" 623
"../../../Engine/Content/EngineSky/C_Sky_Zenith_Color.uexp" 624
"../../../Engine/Content/EngineSky/C_Sky_Horizon_Color.uasset" 625
"../../../Engine/Content/EngineSky/C_Sky_Horizon_Color.uexp" 626
"../../../Engine/Content/EngineSky/C_Sky_Cloud_Color.uasset" 627
"../../../Engine/Content/EngineSky/C_Sky_Cloud_Color.uexp" 628
"../../../Engine/Content/EngineSky/BP_Sky_Sphere.uasset" 629
"../../../Engine/Content/EngineSky/BP_Sky_Sphere.uexp" 630
"D:/Games/Unreal Projects/CharacterTest/Content/LevelObjects/HighGround/Materials/M_Basic_Floor.uasset" 631
"D:/Games/Unreal Projects/CharacterTest/Content/LevelObjects/HighGround/Materials/M_Basic_Floor.uexp" 632
"D:/Games/Unreal Projects/CharacterTest/Content/LevelObjects/HighGround/Stairs/Stairs_Master.uasset" 633
"D:/Games/Unreal Projects/CharacterTest/Content/LevelObjects/HighGround/Stairs/Stairs_Master.uexp" 634
"D:/Games/Unreal Projects/CharacterTest/Content/LevelObjects/HighGround/Materials/M_Basic_Wall.uasset" 635
"D:/Games/Unreal Projects/CharacterTest/Content/LevelObjects/HighGround/Materials/M_Basic_Wall.uexp" 636
"D:/Games/Unreal Projects/CharacterTest/Content/LevelObjects/HighGround/Mesh/Shape_Cube.uasset" 637
"D:/Games/Unreal Projects/CharacterTest/Content/LevelObjects/HighGround/Mesh/Shape_Cube.uexp" 638
"D:/Games/Unreal Projects/CharacterTest/Content/LevelObjects/HighGround/Stairs/Stairs_Base.uasset" 639
"D:/Games/Unreal Projects/CharacterTest/Content/LevelObjects/HighGround/Stairs/Stairs_Base.uexp" 640
"D:/Games/Unreal Projects/CharacterTest/Content/LevelObjects/HighGround/Platforms/Platforrm_Master.uasset" 641
"D:/Games/Unreal Projects/CharacterTest/Content/LevelObjects/HighGround/Platforms/Platforrm_Master.uexp" 642
"D:/Games/Unreal Projects/CharacterTest/Content/LevelObjects/HighGround/Platforms/Platform_Base.uasset" 643
"D:/Games/Unreal Projects/CharacterTest/Content/LevelObjects/HighGround/Platforms/Platform_Base.uexp" 644
"D:/Games/Unreal Projects/CharacterTest/Content/LevelObjects/Collectables/Materials/M_Pickup_Heart.uasset" 645
"D:/Games/Unreal Projects/CharacterTest/Content/LevelObjects/Collectables/Materials/M_Pickup_Heart.uexp" 646
"D:/Games/Unreal Projects/CharacterTest/Content/LevelObjects/Collectables/Mesh/SM_Pickup_Heart.uasset" 647
"D:/Games/Unreal Projects/CharacterTest/Content/LevelObjects/Collectables/Mesh/SM_Pickup_Heart.uexp" 648
"D:/Games/Unreal Projects/CharacterTest/Content/LevelObjects/Collectables/Collectable_Heart.uasset" 649
"D:/Games/Unreal Projects/CharacterTest/Content/LevelObjects/Collectables/Collectable_Heart.uexp" 650
"D:/Games/Unreal Projects/CharacterTest/Content/LevelObjects/Blockers/Blocker_SlideUnder_3-Routh.uasset" 651
"D:/Games/Unreal Projects/CharacterTest/Content/LevelObjects/Blockers/Blocker_SlideUnder_3-Routh.uexp" 652
"D:/Games/Unreal Projects/CharacterTest/Content/LevelObjects/Blockers/Blocker_SlideUnder_1_Routh.uasset" 653
"D:/Games/Unreal Projects/CharacterTest/Content/LevelObjects/Blockers/Blocker_SlideUnder_1_Routh.uexp" 654
"D:/Games/Unreal Projects/CharacterTest/Content/LevelObjects/Blockers/Blocker_JumpOver_3-Routh.uasset" 655
"D:/Games/Unreal Projects/CharacterTest/Content/LevelObjects/Blockers/Blocker_JumpOver_3-Routh.uexp" 656
"D:/Games/Unreal Projects/CharacterTest/Content/LevelObjects/Blockers/Blocker_JumpOver_2-Routh.uasset" 657
"D:/Games/Unreal Projects/CharacterTest/Content/LevelObjects/Blockers/Blocker_JumpOver_2-Routh.uexp" 658
"D:/Games/Unreal Projects/CharacterTest/Content/LevelObjects/Blockers/Blocker_JumpOver_1-Routh.uasset" 659
"D:/Games/Unreal Projects/CharacterTest/Content/LevelObjects/Blockers/Blocker_JumpOver_1-Routh.uexp" 660
"../../../Engine/Content/BasicShapes/Cube.uasset" 661
"../../../Engine/Content/BasicShapes/Cube.uexp" 662
"../../../Engine/Content/BasicShapes/BasicShapeMaterial.uasset" 663
"../../../Engine/Content/BasicShapes/BasicShapeMaterial.uexp" 664
"D:/Games/Unreal Projects/CharacterTest/Content/LevelObjects/Bounds/Materials/T_Cupcake.uasset" 665
"D:/Games/Unreal Projects/CharacterTest/Content/LevelObjects/Bounds/Materials/T_Cupcake.uexp" 666
"D:/Games/Unreal Projects/CharacterTest/Content/LevelObjects/Bounds/Materials/T_Cupcake.ubulk" 667
"D:/Games/Unreal Projects/CharacterTest/Content/LevelObjects/Bounds/Materials/M_Pickup_Cupcake.uasset" 668
"D:/Games/Unreal Projects/CharacterTest/Content/LevelObjects/Bounds/Materials/M_Pickup_Cupcake.uexp" 669
"D:/Games/Unreal Projects/CharacterTest/Content/LevelObjects/Bounds/Mesh/SM_Pickup_Cupcake.uasset" 670
"D:/Games/Unreal Projects/CharacterTest/Content/LevelObjects/Bounds/Mesh/SM_Pickup_Cupcake.uexp" 671
"D:/Games/Unreal Projects/CharacterTest/Content/LevelObjects/WinTrigger.uasset" 672
"D:/Games/Unreal Projects/CharacterTest/Content/LevelObjects/WinTrigger.uexp" 673
"D:/Games/Unreal Projects/CharacterTest/Content/Levels/DefaultLevel.uexp" 674
"D:/Games/Unreal Projects/CharacterTest/Content/Levels/DefaultLevel.umap" 675
"../../../Engine/Content/Maps/Entry_BuiltData.uasset" 676
"../../../Engine/Content/Maps/Entry_BuiltData.uexp" 677
"../../../Engine/Content/Maps/Entry.uexp" 678
"../../../Engine/Content/Maps/Entry.umap" 679
